Temp/gradleOut/native_plugins_lib/build/outputs/logs/manifest-merger-debug-report.txt
-- Merging decision tree log ---
manifest
ADDED from gradleOut/native_plugins_lib/AndroidManifest.xml:3:1-49:12
INJECTED from gradleOut/native_plugins_lib/AndroidManifest.xml:3:1-49:12
INJECTED from gradleOut/native_plugins_lib/AndroidManifest.xml:3:1-49:12
INJECTED from gradleOut/native_plugins_lib/AndroidManifest.xml:3:1-49:12
INJECTED from gradleOut/native_plugins_lib/AndroidManifest.xml:3:1-49:12
INJECTED from gradleOut/native_plugins_lib/AndroidManifest.xml:3:1-49:12
INJECTED from gradleOut/native_plugins_lib/AndroidManifest.xml:3:1-49:12
	package
		ADDED from gradleOut/native_plugins_lib/AndroidManifest.xml:3:70-116
		INJECTED from gradleOut/native_plugins_lib/AndroidManifest.xml
		INJECTED from gradleOut/native_plugins_lib/AndroidManifest.xml
	android:versionName
		ADDED from gradleOut/native_plugins_lib/AndroidManifest.xml:3:141-166
		INJECTED from gradleOut/native_plugins_lib/AndroidManifest.xml
		INJECTED from gradleOut/native_plugins_lib/AndroidManifest.xml
	xmlns:android
		ADDED from gradleOut/native_plugins_lib/AndroidManifest.xml:3:11-69
	android:versionCode
		ADDED from gradleOut/native_plugins_lib/AndroidManifest.xml:3:117-140
		INJECTED from gradleOut/native_plugins_lib/AndroidManifest.xml
		INJECTED from gradleOut/native_plugins_lib/AndroidManifest.xml
uses-sdk
ADDED from gradleOut/native_plugins_lib/AndroidManifest.xml:4:3-71
INJECTED from gradleOut/native_plugins_lib/AndroidManifest.xml:4:3-71
INJECTED from gradleOut/native_plugins_lib/AndroidManifest.xml:4:3-71
	android:targetSdkVersion
		ADDED from gradleOut/native_plugins_lib/AndroidManifest.xml:4:39-68
		INJECTED from gradleOut/native_plugins_lib/AndroidManifest.xml
		INJECTED from gradleOut/native_plugins_lib/AndroidManifest.xml
	android:minSdkVersion
		ADDED from gradleOut/native_plugins_lib/AndroidManifest.xml:4:13-38
application
ADDED from gradleOut/native_plugins_lib/AndroidManifest.xml:5:3-16:17
activity#com.voxelbusters.nativeplugins.features.sharing.SharingActivity
ADDED from gradleOut/native_plugins_lib/AndroidManifest.xml:7:5-141
	android:theme
		ADDED from gradleOut/native_plugins_lib/AndroidManifest.xml:7:94-138
	android:name
		ADDED from gradleOut/native_plugins_lib/AndroidManifest.xml:7:15-93
activity#com.voxelbusters.nativeplugins.features.ui.UiActivity
ADDED from gradleOut/native_plugins_lib/AndroidManifest.xml:9:5-131
	android:theme
		ADDED from gradleOut/native_plugins_lib/AndroidManifest.xml:9:84-128
	android:name
		ADDED from gradleOut/native_plugins_lib/AndroidManifest.xml:9:15-83
activity#com.voxelbusters.nativeplugins.helpers.PermissionRequestActivity
ADDED from gradleOut/native_plugins_lib/AndroidManifest.xml:11:5-142
	android:theme
		ADDED from gradleOut/native_plugins_lib/AndroidManifest.xml:11:95-139
	android:name
		ADDED from gradleOut/native_plugins_lib/AndroidManifest.xml:11:15-94
provider#com.voxelbusters.nativeplugins.extensions.FileProviderExtended
ADDED from gradleOut/native_plugins_lib/AndroidManifest.xml:13:5-15:16
	android:grantUriPermissions
		ADDED from gradleOut/native_plugins_lib/AndroidManifest.xml:13:179-213
	android:authorities
		ADDED from gradleOut/native_plugins_lib/AndroidManifest.xml:13:93-153
	android:exported
		ADDED from gradleOut/native_plugins_lib/AndroidManifest.xml:13:154-178
	android:name
		ADDED from gradleOut/native_plugins_lib/AndroidManifest.xml:13:15-92
meta-data#android.support.FILE_PROVIDER_PATHS
ADDED from gradleOut/native_plugins_lib/AndroidManifest.xml:14:7-120
	android:resource
		ADDED from gradleOut/native_plugins_lib/AndroidManifest.xml:14:69-117
	android:name
		ADDED from gradleOut/native_plugins_lib/AndroidManifest.xml:14:18-68
uses-permission#android.permission.READ_CONTACTS
ADDED from gradleOut/native_plugins_lib/AndroidManifest.xml:19:3-70
	android:name
		ADDED from gradleOut/native_plugins_lib/AndroidManifest.xml:19:20-67
uses-permission#android.permission.ACCESS_NETWORK_STATE
ADDED from gradleOut/native_plugins_lib/AndroidManifest.xml:21:3-77
	android:name
		ADDED from gradleOut/native_plugins_lib/AndroidManifest.xml:21:20-74
uses-permission#com.sec.android.provider.badge.permission.READ
ADDED from gradleOut/native_plugins_lib/AndroidManifest.xml:23:3-84
	android:name
		ADDED from gradleOut/native_plugins_lib/AndroidManifest.xml:23:20-81
uses-permission#com.sec.android.provider.badge.permission.WRITE
ADDED from gradleOut/native_plugins_lib/AndroidManifest.xml:24:3-85
	android:name
		ADDED from gradleOut/native_plugins_lib/AndroidManifest.xml:24:20-82
uses-permission#com.htc.launcher.permission.READ_SETTINGS
ADDED from gradleOut/native_plugins_lib/AndroidManifest.xml:26:3-79
	android:name
		ADDED from gradleOut/native_plugins_lib/AndroidManifest.xml:26:20-76
uses-permission#com.htc.launcher.permission.UPDATE_SHORTCUT
ADDED from gradleOut/native_plugins_lib/AndroidManifest.xml:27:3-81
	android:name
		ADDED from gradleOut/native_plugins_lib/AndroidManifest.xml:27:20-78
uses-permission#com.sonyericsson.home.permission.BROADCAST_BADGE
ADDED from gradleOut/native_plugins_lib/AndroidManifest.xml:29:3-86
	android:name
		ADDED from gradleOut/native_plugins_lib/AndroidManifest.xml:29:20-83
uses-permission#com.sonymobile.home.permission.PROVIDER_INSERT_BADGE
ADDED from gradleOut/native_plugins_lib/AndroidManifest.xml:30:3-90
	android:name
		ADDED from gradleOut/native_plugins_lib/AndroidManifest.xml:30:20-87
uses-permission#com.anddoes.launcher.permission.UPDATE_COUNT
ADDED from gradleOut/native_plugins_lib/AndroidManifest.xml:32:3-82
	android:name
		ADDED from gradleOut/native_plugins_lib/AndroidManifest.xml:32:20-79
uses-permission#com.majeur.launcher.permission.UPDATE_BADGE
ADDED from gradleOut/native_plugins_lib/AndroidManifest.xml:34:3-81
	android:name
		ADDED from gradleOut/native_plugins_lib/AndroidManifest.xml:34:20-78
uses-permission#com.huawei.android.launcher.permission.CHANGE_BADGE
ADDED from gradleOut/native_plugins_lib/AndroidManifest.xml:36:3-89
	android:name
		ADDED from gradleOut/native_plugins_lib/AndroidManifest.xml:36:20-86
uses-permission#com.huawei.android.launcher.permission.READ_SETTINGS
ADDED from gradleOut/native_plugins_lib/AndroidManifest.xml:37:3-90
	android:name
		ADDED from gradleOut/native_plugins_lib/AndroidManifest.xml:37:20-87
uses-permission#com.huawei.android.launcher.permission.WRITE_SETTINGS
ADDED from gradleOut/native_plugins_lib/AndroidManifest.xml:38:3-91
	android:name
		ADDED from gradleOut/native_plugins_lib/AndroidManifest.xml:38:20-88
uses-permission#android.permission.READ_APP_BADGE
ADDED from gradleOut/native_plugins_lib/AndroidManifest.xml:40:3-71
	android:name
		ADDED from gradleOut/native_plugins_lib/AndroidManifest.xml:40:20-68
uses-permission#com.oppo.launcher.permission.READ_SETTINGS
ADDED from gradleOut/native_plugins_lib/AndroidManifest.xml:42:3-80
	android:name
		ADDED from gradleOut/native_plugins_lib/AndroidManifest.xml:42:20-77
uses-permission#com.oppo.launcher.permission.WRITE_SETTINGS
ADDED from gradleOut/native_plugins_lib/AndroidManifest.xml:43:3-81
	android:name
		ADDED from gradleOut/native_plugins_lib/AndroidManifest.xml:43:20-78
uses-permission#me.everything.badger.permission.BADGE_COUNT_READ
ADDED from gradleOut/native_plugins_lib/AndroidManifest.xml:45:3-86
	android:name
		ADDED from gradleOut/native_plugins_lib/AndroidManifest.xml:45:20-83
uses-permission#me.everything.badger.permission.BADGE_COUNT_WRITE
ADDED from gradleOut/native_plugins_lib/AndroidManifest.xml:46:3-87
	android:name
		ADDED from gradleOut/native_plugins_lib/AndroidManifest.xml:46:20-84
uses-permission#android.permission.INTERNET
ADDED from gradleOut/native_plugins_lib/AndroidManifest.xml:48:3-65
	android:name
		ADDED from gradleOut/native_plugins_lib/AndroidManifest.xml:48:20-62